<?xml version="1.0" encoding="UTF-8"?>
<testsuite name="com.eagree.ApplicationTests" tests="1" skipped="0" failures="0" errors="0" timestamp="2016-04-12T08:58:18" hostname="Amits-MacBook-Pro.local" time="0.016">
  <properties/>
  <testcase name="contextLoads" classname="com.eagree.ApplicationTests" time="0.016"/>
  <system-out><![CDATA[14:28:01.020 [Test worker] DEBUG o.s.t.c.j.SpringJUnit4ClassRunner - SpringJUnit4ClassRunner constructor called with [class com.eagree.ApplicationTests]
14:28:01.025 [Test worker] DEBUG o.s.test.context.BootstrapUtils - Instantiating CacheAwareContextLoaderDelegate from class [org.springframework.test.context.cache.DefaultCacheAwareContextLoaderDelegate]
14:28:01.095 [Test worker] DEBUG o.s.test.context.BootstrapUtils - Instantiating BootstrapContext using constructor [public org.springframework.test.context.support.DefaultBootstrapContext(java.lang.Class,org.springframework.test.context.CacheAwareContextLoaderDelegate)]
14:28:01.110 [Test worker] DEBUG o.s.test.context.BootstrapUtils - Instantiating TestContextBootstrapper for test class [com.eagree.ApplicationTests] from class [org.springframework.test.context.web.WebTestContextBootstrapper]
14:28:01.139 [Test worker] DEBUG o.s.t.c.w.WebTestContextBootstrapper - Found explicit ContextLoader class [org.springframework.boot.test.SpringApplicationContextLoader] for context configuration attributes [ContextConfigurationAttributes@5d48e94 declaringClass = 'com.eagree.ApplicationTests', classes = '{class com.eagree.Application}', locations = '{}', inheritLocations = true, initializers = '{}', inheritInitializers = true, name = [null], contextLoaderClass = 'org.springframework.boot.test.SpringApplicationContextLoader']
14:28:01.150 [Test worker] DEBUG o.s.t.c.s.AbstractContextLoader - Did not detect default resource location for test class [com.eagree.ApplicationTests]: class path resource [com/eagree/ApplicationTests-context.xml] does not exist
14:28:01.150 [Test worker] DEBUG o.s.t.c.s.AbstractContextLoader - Did not detect default resource location for test class [com.eagree.ApplicationTests]: class path resource [com/eagree/ApplicationTestsContext.groovy] does not exist
14:28:01.150 [Test worker] INFO  o.s.t.c.s.AbstractContextLoader - Could not detect default resource locations for test class [com.eagree.ApplicationTests]: no resource found for suffixes {-context.xml, Context.groovy}.
14:28:01.153 [Test worker] DEBUG o.s.t.c.support.ActiveProfilesUtils - Could not find an 'annotation declaring class' for annotation type [org.springframework.test.context.ActiveProfiles] and class [com.eagree.ApplicationTests]
14:28:01.194 [Test worker] DEBUG o.s.t.c.w.WebTestContextBootstrapper - @TestExecutionListeners is not present for class [com.eagree.ApplicationTests]: using defaults.
14:28:01.267 [Test worker] INFO  o.s.t.c.w.WebTestContextBootstrapper - Loaded default TestExecutionListener class names from location [META-INF/spring.factories]: [org.springframework.test.context.web.ServletTestExecutionListener, org.springframework.test.context.support.DirtiesContextBeforeModesTestExecutionListener, org.springframework.test.context.support.DependencyInjectionTestExecutionListener, org.springframework.test.context.support.DirtiesContextTestExecutionListener, org.springframework.test.context.transaction.TransactionalTestExecutionListener, org.springframework.test.context.jdbc.SqlScriptsTestExecutionListener]
14:28:01.311 [Test worker] INFO  o.s.t.c.w.WebTestContextBootstrapper - Using TestExecutionListeners: [org.springframework.test.context.web.ServletTestExecutionListener@45759361, org.springframework.test.context.support.DirtiesContextBeforeModesTestExecutionListener@5cc40cca, org.springframework.test.context.support.DependencyInjectionTestExecutionListener@5924dbf5, org.springframework.test.context.support.DirtiesContextTestExecutionListener@2be1e23a, org.springframework.test.context.transaction.TransactionalTestExecutionListener@42e682bc, org.springframework.test.context.jdbc.SqlScriptsTestExecutionListener@3eb87476]
14:28:01.319 [Test worker] DEBUG o.s.t.annotation.ProfileValueUtils - Retrieved @ProfileValueSourceConfiguration [null] for test class [com.eagree.ApplicationTests]
14:28:01.320 [Test worker] DEBUG o.s.t.annotation.ProfileValueUtils - Retrieved ProfileValueSource type [class org.springframework.test.annotation.SystemProfileValueSource] for class [com.eagree.ApplicationTests]
14:28:01.321 [Test worker] DEBUG o.s.t.annotation.ProfileValueUtils - Retrieved @ProfileValueSourceConfiguration [null] for test class [com.eagree.ApplicationTests]
14:28:01.321 [Test worker] DEBUG o.s.t.annotation.ProfileValueUtils - Retrieved ProfileValueSource type [class org.springframework.test.annotation.SystemProfileValueSource] for class [com.eagree.ApplicationTests]
14:28:01.325 [Test worker] DEBUG o.s.t.c.s.AbstractDirtiesContextTestExecutionListener - Before test class: context [DefaultTestContext@489a2df2 testClass = ApplicationTests, testInstance = [null], testMethod = [null], testException = [null], mergedContextConfiguration = [WebMergedContextConfiguration@2b1051f0 testClass = ApplicationTests, locations = '{}', classes = '{class com.eagree.Application}', contextInitializerClasses = '[]', activeProfiles = '{}', propertySourceLocations = '{}', propertySourceProperties = '{}', resourceBasePath = 'src/main/webapp', contextLoader = 'org.springframework.boot.test.SpringApplicationContextLoader', parent = [null]]], class annotated with @DirtiesContext [false] with mode [null].
14:28:01.326 [Test worker] DEBUG o.s.t.annotation.ProfileValueUtils - Retrieved @ProfileValueSourceConfiguration [null] for test class [com.eagree.ApplicationTests]
14:28:01.326 [Test worker] DEBUG o.s.t.annotation.ProfileValueUtils - Retrieved ProfileValueSource type [class org.springframework.test.annotation.SystemProfileValueSource] for class [com.eagree.ApplicationTests]
14:28:01.677 [Test worker] DEBUG o.s.core.env.StandardEnvironment - Adding [systemProperties] PropertySource with lowest search precedence
14:28:01.679 [Test worker] DEBUG o.s.core.env.StandardEnvironment - Adding [systemEnvironment] PropertySource with lowest search precedence
14:28:01.679 [Test worker] DEBUG o.s.core.env.StandardEnvironment - Initialized StandardEnvironment with PropertySources [systemProperties,systemEnvironment]
14:28:01.681 [Test worker] DEBUG o.s.core.env.StandardEnvironment - Adding [integrationTest] PropertySource with search precedence immediately lower than [systemEnvironment]

  .   ____          _            __ _ _
 /\\ / ___'_ __ _ _(_)_ __  __ _ \ \ \ \
( ( )\___ | '_ | '_| | '_ \/ _` | \ \ \ \
 \\/  ___)| |_)| | | | | || (_| |  ) ) ) )
  '  |____| .__|_| |_|_| |_\__, | / / / /
 =========|_|==============|___/=/_/_/_/
 :: Spring Boot ::        (v1.3.3.RELEASE)

2016-04-12 14:28:03.165  INFO 1277 --- [    Test worker] com.eagree.ApplicationTests              : Starting ApplicationTests on Amits-MacBook-Pro.local with PID 1277 (/Users/aksinghdce/Documents/workspace-sts-3.7.3.RELEASE/Teach.Spring/build/classes/test started by aksinghdce in /Users/aksinghdce/Documents/workspace-sts-3.7.3.RELEASE/Teach.Spring)
2016-04-12 14:28:03.166  INFO 1277 --- [    Test worker] com.eagree.ApplicationTests              : No active profile set, falling back to default profiles: default
2016-04-12 14:28:03.776  INFO 1277 --- [    Test worker] o.s.w.c.s.GenericWebApplicationContext   : Refreshing org.springframework.web.context.support.GenericWebApplicationContext@3d4447db: startup date [Tue Apr 12 14:28:03 IST 2016]; root of context hierarchy
2016-04-12 14:28:07.604  INFO 1277 --- [    Test worker] o.s.b.f.s.DefaultListableBeanFactory     : Overriding bean definition for bean 'beanNameViewResolver' with a different definition: replacing [Root bean: class [null]; scope=; abstract=false; lazyInit=false; autowireMode=3; dependencyCheck=0; autowireCandidate=true; primary=false; factoryBeanName=org.springframework.boot.autoconfigure.web.ErrorMvcAutoConfiguration$WhitelabelErrorViewConfiguration; factoryMethodName=beanNameViewResolver; initMethodName=null; destroyMethodName=(inferred); defined in class path resource [org/springframework/boot/autoconfigure/web/ErrorMvcAutoConfiguration$WhitelabelErrorViewConfiguration.class]] with [Root bean: class [null]; scope=; abstract=false; lazyInit=false; autowireMode=3; dependencyCheck=0; autowireCandidate=true; primary=false; factoryBeanName=org.springframework.boot.autoconfigure.web.WebMvcAutoConfiguration$WebMvcAutoConfigurationAdapter; factoryMethodName=beanNameViewResolver; initMethodName=null; destroyMethodName=(inferred); defined in class path resource [org/springframework/boot/autoconfigure/web/WebMvcAutoConfiguration$WebMvcAutoConfigurationAdapter.class]]
2016-04-12 14:28:09.631  INFO 1277 --- [    Test worker] trationDelegate$BeanPostProcessorChecker : Bean 'org.springframework.transaction.annotation.ProxyTransactionManagementConfiguration' of type [class org.springframework.transaction.annotation.ProxyTransactionManagementConfiguration$$EnhancerBySpringCGLIB$$c285665a] is not eligible for getting processed by all BeanPostProcessors (for example: not eligible for auto-proxying)
2016-04-12 14:28:11.113  INFO 1277 --- [    Test worker] j.LocalContainerEntityManagerFactoryBean : Building JPA container EntityManagerFactory for persistence unit 'default'
2016-04-12 14:28:11.146  INFO 1277 --- [    Test worker] o.hibernate.jpa.internal.util.LogHelper  : HHH000204: Processing PersistenceUnitInfo [
	name: default
	...]
2016-04-12 14:28:11.233  INFO 1277 --- [    Test worker] org.hibernate.Version                    : HHH000412: Hibernate Core {4.3.11.Final}
2016-04-12 14:28:11.235  INFO 1277 --- [    Test worker] org.hibernate.cfg.Environment            : HHH000206: hibernate.properties not found
2016-04-12 14:28:11.237  INFO 1277 --- [    Test worker] org.hibernate.cfg.Environment            : HHH000021: Bytecode provider name : javassist
2016-04-12 14:28:11.567  INFO 1277 --- [    Test worker] o.hibernate.annotations.common.Version   : HCANN000001: Hibernate Commons Annotations {4.0.5.Final}
2016-04-12 14:28:11.637  INFO 1277 --- [    Test worker] org.hibernate.dialect.Dialect            : HHH000400: Using dialect: org.hibernate.dialect.HSQLDialect
2016-04-12 14:28:11.869  INFO 1277 --- [    Test worker] o.h.h.i.ast.ASTQueryTranslatorFactory    : HHH000397: Using ASTQueryTranslatorFactory
2016-04-12 14:28:12.482  INFO 1277 --- [    Test worker] org.hibernate.tool.hbm2ddl.SchemaExport  : HHH000227: Running hbm2ddl schema export
2016-04-12 14:28:12.485 ERROR 1277 --- [    Test worker] org.hibernate.tool.hbm2ddl.SchemaExport  : HHH000389: Unsuccessful: alter table company_note drop constraint FK_khhonf0sx1si70sdxk4yo49re
2016-04-12 14:28:12.485 ERROR 1277 --- [    Test worker] org.hibernate.tool.hbm2ddl.SchemaExport  : user lacks privilege or object not found: PUBLIC.COMPANY_NOTE
2016-04-12 14:28:12.486 ERROR 1277 --- [    Test worker] org.hibernate.tool.hbm2ddl.SchemaExport  : HHH000389: Unsuccessful: alter table org_company_tags drop constraint FK_f9lywx8rvf8ly2h8l47uiybkd
2016-04-12 14:28:12.486 ERROR 1277 --- [    Test worker] org.hibernate.tool.hbm2ddl.SchemaExport  : user lacks privilege or object not found: PUBLIC.ORG_COMPANY_TAGS
2016-04-12 14:28:12.486 ERROR 1277 --- [    Test worker] org.hibernate.tool.hbm2ddl.SchemaExport  : HHH000389: Unsuccessful: alter table org_company_tags drop constraint FK_iccvdeh0x1kq1u6e5ti9akaqv
2016-04-12 14:28:12.486 ERROR 1277 --- [    Test worker] org.hibernate.tool.hbm2ddl.SchemaExport  : user lacks privilege or object not found: PUBLIC.ORG_COMPANY_TAGS
2016-04-12 14:28:12.487 ERROR 1277 --- [    Test worker] org.hibernate.tool.hbm2ddl.SchemaExport  : HHH000389: Unsuccessful: alter table org_users drop constraint FK_k43neodgbp731jdnvimvpcc1p
2016-04-12 14:28:12.487 ERROR 1277 --- [    Test worker] org.hibernate.tool.hbm2ddl.SchemaExport  : user lacks privilege or object not found: PUBLIC.ORG_USERS
2016-04-12 14:28:12.488 ERROR 1277 --- [    Test worker] org.hibernate.tool.hbm2ddl.SchemaExport  : HHH000389: Unsuccessful: alter table org_users drop constraint FK_nou7o3fikisg9fcck7i65xhd5
2016-04-12 14:28:12.488 ERROR 1277 --- [    Test worker] org.hibernate.tool.hbm2ddl.SchemaExport  : user lacks privilege or object not found: PUBLIC.ORG_USERS
2016-04-12 14:28:12.488 ERROR 1277 --- [    Test worker] org.hibernate.tool.hbm2ddl.SchemaExport  : HHH000389: Unsuccessful: alter table org_users drop constraint FK_lnd7n8ohdwl4ymj51q5so5uhj
2016-04-12 14:28:12.488 ERROR 1277 --- [    Test worker] org.hibernate.tool.hbm2ddl.SchemaExport  : user lacks privilege or object not found: PUBLIC.ORG_USERS
2016-04-12 14:28:12.488 ERROR 1277 --- [    Test worker] org.hibernate.tool.hbm2ddl.SchemaExport  : HHH000389: Unsuccessful: alter table org_users drop constraint FK_av92ts10h3sq1x9mkibpysp1q
2016-04-12 14:28:12.489 ERROR 1277 --- [    Test worker] org.hibernate.tool.hbm2ddl.SchemaExport  : user lacks privilege or object not found: PUBLIC.ORG_USERS
2016-04-12 14:28:12.489 ERROR 1277 --- [    Test worker] org.hibernate.tool.hbm2ddl.SchemaExport  : HHH000389: Unsuccessful: alter table organization drop constraint FK_l070gahmlj4g2sqbm72btw64e
2016-04-12 14:28:12.489 ERROR 1277 --- [    Test worker] org.hibernate.tool.hbm2ddl.SchemaExport  : user lacks privilege or object not found: PUBLIC.ORGANIZATION
2016-04-12 14:28:12.489 ERROR 1277 --- [    Test worker] org.hibernate.tool.hbm2ddl.SchemaExport  : HHH000389: Unsuccessful: alter table organization_company drop constraint FK_dq11t5t65nr47wa0vgh5iys5p
2016-04-12 14:28:12.490 ERROR 1277 --- [    Test worker] org.hibernate.tool.hbm2ddl.SchemaExport  : user lacks privilege or object not found: PUBLIC.ORGANIZATION_COMPANY
2016-04-12 14:28:12.490 ERROR 1277 --- [    Test worker] org.hibernate.tool.hbm2ddl.SchemaExport  : HHH000389: Unsuccessful: alter table organization_company_contact drop constraint FK_qo9r2byd7xi6glt0kfmypqiv6
2016-04-12 14:28:12.490 ERROR 1277 --- [    Test worker] org.hibernate.tool.hbm2ddl.SchemaExport  : user lacks privilege or object not found: PUBLIC.ORGANIZATION_COMPANY_CONTACT
2016-04-12 14:28:12.490 ERROR 1277 --- [    Test worker] org.hibernate.tool.hbm2ddl.SchemaExport  : HHH000389: Unsuccessful: alter table organization_settings drop constraint FK_gj2lguc68uks9gva4l1qn1866
2016-04-12 14:28:12.490 ERROR 1277 --- [    Test worker] org.hibernate.tool.hbm2ddl.SchemaExport  : user lacks privilege or object not found: PUBLIC.ORGANIZATION_SETTINGS
2016-04-12 14:28:12.491 ERROR 1277 --- [    Test worker] org.hibernate.tool.hbm2ddl.SchemaExport  : HHH000389: Unsuccessful: alter table organization_tag drop constraint FK_69a9nk2spgxd44bwt0i4xrfxj
2016-04-12 14:28:12.491 ERROR 1277 --- [    Test worker] org.hibernate.tool.hbm2ddl.SchemaExport  : user lacks privilege or object not found: PUBLIC.ORGANIZATION_TAG
2016-04-12 14:28:12.492 ERROR 1277 --- [    Test worker] org.hibernate.tool.hbm2ddl.SchemaExport  : HHH000389: Unsuccessful: alter table role_privileges drop constraint FK_r7ke127adc0bt1k30w9s9twlx
2016-04-12 14:28:12.492 ERROR 1277 --- [    Test worker] org.hibernate.tool.hbm2ddl.SchemaExport  : user lacks privilege or object not found: PUBLIC.ROLE_PRIVILEGES
2016-04-12 14:28:12.492 ERROR 1277 --- [    Test worker] org.hibernate.tool.hbm2ddl.SchemaExport  : HHH000389: Unsuccessful: alter table role_privileges drop constraint FK_ijuv6m2x8lrd9k5huxidjn302
2016-04-12 14:28:12.493 ERROR 1277 --- [    Test worker] org.hibernate.tool.hbm2ddl.SchemaExport  : user lacks privilege or object not found: PUBLIC.ROLE_PRIVILEGES
2016-04-12 14:28:12.493 ERROR 1277 --- [    Test worker] org.hibernate.tool.hbm2ddl.SchemaExport  : HHH000389: Unsuccessful: alter table user_privileges drop constraint FK_cxfmaov6oxx6my139ddcnx0iv
2016-04-12 14:28:12.494 ERROR 1277 --- [    Test worker] org.hibernate.tool.hbm2ddl.SchemaExport  : user lacks privilege or object not found: PUBLIC.USER_PRIVILEGES
2016-04-12 14:28:12.494 ERROR 1277 --- [    Test worker] org.hibernate.tool.hbm2ddl.SchemaExport  : HHH000389: Unsuccessful: alter table user_privileges drop constraint FK_1vpfwxb4wmybfho44v2x8ai1k
2016-04-12 14:28:12.494 ERROR 1277 --- [    Test worker] org.hibernate.tool.hbm2ddl.SchemaExport  : user lacks privilege or object not found: PUBLIC.USER_PRIVILEGES
2016-04-12 14:28:12.494 ERROR 1277 --- [    Test worker] org.hibernate.tool.hbm2ddl.SchemaExport  : HHH000389: Unsuccessful: alter table user_roles drop constraint FK_amwlmdeik2qdnksxgd566knop
2016-04-12 14:28:12.495 ERROR 1277 --- [    Test worker] org.hibernate.tool.hbm2ddl.SchemaExport  : user lacks privilege or object not found: PUBLIC.USER_ROLES
2016-04-12 14:28:12.495 ERROR 1277 --- [    Test worker] org.hibernate.tool.hbm2ddl.SchemaExport  : HHH000389: Unsuccessful: alter table user_roles drop constraint FK_g1uebn6mqk9qiaw45vnacmyo2
2016-04-12 14:28:12.496 ERROR 1277 --- [    Test worker] org.hibernate.tool.hbm2ddl.SchemaExport  : user lacks privilege or object not found: PUBLIC.USER_ROLES
2016-04-12 14:28:12.501 ERROR 1277 --- [    Test worker] org.hibernate.tool.hbm2ddl.SchemaExport  : HHH000389: Unsuccessful: create table address (id varchar(255) generated by default as identity (start with 1), address_line1 varchar(255), address_line2 varchar(255), city varchar(255), country varchar(255), lat double not null, lng double not null, state varchar(255), zip varchar(255), primary key (id))
2016-04-12 14:28:12.502 ERROR 1277 --- [    Test worker] org.hibernate.tool.hbm2ddl.SchemaExport  : incompatible data type in operation
2016-04-12 14:28:12.503 ERROR 1277 --- [    Test worker] org.hibernate.tool.hbm2ddl.SchemaExport  : HHH000389: Unsuccessful: create table company_note (id varchar(255) generated by default as identity (start with 1), created_by varbinary(255) not null, created_date timestamp not null, deleted_by varbinary(255), deleted_date timestamp, last_updated timestamp not null, last_updated_by varbinary(255) not null, note varchar(255) not null, company_id varchar(255), primary key (id))
2016-04-12 14:28:12.504 ERROR 1277 --- [    Test worker] org.hibernate.tool.hbm2ddl.SchemaExport  : incompatible data type in operation
2016-04-12 14:28:12.504 ERROR 1277 --- [    Test worker] org.hibernate.tool.hbm2ddl.SchemaExport  : HHH000389: Unsuccessful: create table folder (id varchar(255) generated by default as identity (start with 1), created_by varbinary(255) not null, created_date timestamp not null, deleted_by varbinary(255), deleted_date timestamp, last_updated timestamp not null, last_updated_by varbinary(255) not null, primary key (id))
2016-04-12 14:28:12.505 ERROR 1277 --- [    Test worker] org.hibernate.tool.hbm2ddl.SchemaExport  : incompatible data type in operation
2016-04-12 14:28:12.507 ERROR 1277 --- [    Test worker] org.hibernate.tool.hbm2ddl.SchemaExport  : HHH000389: Unsuccessful: create table organization (id varchar(255) generated by default as identity (start with 1), created_by varbinary(255) not null, created_date timestamp not null, deleted_by varbinary(255), deleted_date timestamp, last_updated timestamp not null, last_updated_by varbinary(255) not null, account_number varchar(255), active boolean not null, deleted boolean not null, fax varchar(255), org_name varchar(255) not null, phone_number varchar(255), website varchar(255), address_id varchar(255), primary key (id))
2016-04-12 14:28:12.508 ERROR 1277 --- [    Test worker] org.hibernate.tool.hbm2ddl.SchemaExport  : incompatible data type in operation
2016-04-12 14:28:12.508 ERROR 1277 --- [    Test worker] org.hibernate.tool.hbm2ddl.SchemaExport  : HHH000389: Unsuccessful: create table organization_company (id varchar(255) generated by default as identity (start with 1), created_by varbinary(255) not null, created_date timestamp not null, deleted_by varbinary(255), deleted_date timestamp, last_updated timestamp not null, last_updated_by varbinary(255) not null, address varbinary(255), fax varchar(255), name varchar(255) not null, phone varchar(255), type integer, website varchar(255), org_id varchar(255), primary key (id))
2016-04-12 14:28:12.509 ERROR 1277 --- [    Test worker] org.hibernate.tool.hbm2ddl.SchemaExport  : incompatible data type in operation
2016-04-12 14:28:12.509 ERROR 1277 --- [    Test worker] org.hibernate.tool.hbm2ddl.SchemaExport  : HHH000389: Unsuccessful: create table organization_company_contact (id varchar(255) generated by default as identity (start with 1), created_by varbinary(255) not null, created_date timestamp not null, deleted_by varbinary(255), deleted_date timestamp, last_updated timestamp not null, last_updated_by varbinary(255) not null, alt_phone varchar(255), company_name varchar(255), contact_email varchar(255), fax varchar(255), first_name varchar(255), im_name varchar(255), last_name varchar(255), linked_in_name varchar(255), notes varchar(255), phone varchar(255), skype_name varchar(255), title varchar(255), org_company_id varchar(255), primary key (id))
2016-04-12 14:28:12.510 ERROR 1277 --- [    Test worker] org.hibernate.tool.hbm2ddl.SchemaExport  : incompatible data type in operation
2016-04-12 14:28:12.510 ERROR 1277 --- [    Test worker] org.hibernate.tool.hbm2ddl.SchemaExport  : HHH000389: Unsuccessful: create table organization_settings (id varchar(255) generated by default as identity (start with 1), created_by varbinary(255) not null, created_date timestamp not null, deleted_by varbinary(255), deleted_date timestamp, last_updated timestamp not null, last_updated_by varbinary(255) not null, name integer not null, value varchar(255) not null, org_id varchar(255), primary key (id))
2016-04-12 14:28:12.510 ERROR 1277 --- [    Test worker] org.hibernate.tool.hbm2ddl.SchemaExport  : incompatible data type in operation
2016-04-12 14:28:12.511 ERROR 1277 --- [    Test worker] org.hibernate.tool.hbm2ddl.SchemaExport  : HHH000389: Unsuccessful: create table organization_tag (id varchar(255) generated by default as identity (start with 1), created_by varbinary(255) not null, created_date timestamp not null, deleted_by varbinary(255), deleted_date timestamp, last_updated timestamp not null, last_updated_by varbinary(255) not null, tag_name varchar(255), org_id varchar(255), primary key (id))
2016-04-12 14:28:12.511 ERROR 1277 --- [    Test worker] org.hibernate.tool.hbm2ddl.SchemaExport  : incompatible data type in operation
2016-04-12 14:28:12.512 ERROR 1277 --- [    Test worker] org.hibernate.tool.hbm2ddl.SchemaExport  : HHH000389: Unsuccessful: create table privilege (id varchar(255) generated by default as identity (start with 1), privilege_name varchar(255) not null, primary key (id))
2016-04-12 14:28:12.512 ERROR 1277 --- [    Test worker] org.hibernate.tool.hbm2ddl.SchemaExport  : incompatible data type in operation
2016-04-12 14:28:12.513 ERROR 1277 --- [    Test worker] org.hibernate.tool.hbm2ddl.SchemaExport  : HHH000389: Unsuccessful: create table report (id varchar(255) generated by default as identity (start with 1), created_by varbinary(255) not null, created_date timestamp not null, deleted_by varbinary(255), deleted_date timestamp, last_updated timestamp not null, last_updated_by varbinary(255) not null, primary key (id))
2016-04-12 14:28:12.513 ERROR 1277 --- [    Test worker] org.hibernate.tool.hbm2ddl.SchemaExport  : incompatible data type in operation
2016-04-12 14:28:12.514 ERROR 1277 --- [    Test worker] org.hibernate.tool.hbm2ddl.SchemaExport  : HHH000389: Unsuccessful: create table role (id varchar(255) generated by default as identity (start with 1), role_name varchar(255) not null, primary key (id))
2016-04-12 14:28:12.514 ERROR 1277 --- [    Test worker] org.hibernate.tool.hbm2ddl.SchemaExport  : incompatible data type in operation
2016-04-12 14:28:12.515 ERROR 1277 --- [    Test worker] org.hibernate.tool.hbm2ddl.SchemaExport  : HHH000389: Unsuccessful: create table user (id varchar(255) generated by default as identity (start with 1), created_by varbinary(255) not null, created_date timestamp not null, deleted_by varbinary(255), deleted_date timestamp, last_updated timestamp not null, last_updated_by varbinary(255) not null, active boolean not null, deleted boolean not null, email_address varchar(255) not null, failed_login_attemps integer not null, first_name varchar(255), last_login_time timestamp, last_name varchar(255), password varchar(255), registration_type varchar(255) not null, reset_password boolean not null, title varchar(255), primary key (id))
2016-04-12 14:28:12.516 ERROR 1277 --- [    Test worker] org.hibernate.tool.hbm2ddl.SchemaExport  : incompatible data type in operation
2016-04-12 14:28:12.520 ERROR 1277 --- [    Test worker] org.hibernate.tool.hbm2ddl.SchemaExport  : HHH000389: Unsuccessful: alter table company_note add constraint FK_khhonf0sx1si70sdxk4yo49re foreign key (company_id) references organization_company
2016-04-12 14:28:12.520 ERROR 1277 --- [    Test worker] org.hibernate.tool.hbm2ddl.SchemaExport  : user lacks privilege or object not found: PUBLIC.COMPANY_NOTE
2016-04-12 14:28:12.520 ERROR 1277 --- [    Test worker] org.hibernate.tool.hbm2ddl.SchemaExport  : HHH000389: Unsuccessful: alter table org_company_tags add constraint FK_f9lywx8rvf8ly2h8l47uiybkd foreign key (tags_id) references organization_tag
2016-04-12 14:28:12.520 ERROR 1277 --- [    Test worker] org.hibernate.tool.hbm2ddl.SchemaExport  : user lacks privilege or object not found: PUBLIC.ORGANIZATION_TAG
2016-04-12 14:28:12.521 ERROR 1277 --- [    Test worker] org.hibernate.tool.hbm2ddl.SchemaExport  : HHH000389: Unsuccessful: alter table org_company_tags add constraint FK_iccvdeh0x1kq1u6e5ti9akaqv foreign key (organization_company_id) references organization_company
2016-04-12 14:28:12.521 ERROR 1277 --- [    Test worker] org.hibernate.tool.hbm2ddl.SchemaExport  : user lacks privilege or object not found: PUBLIC.ORGANIZATION_COMPANY
2016-04-12 14:28:12.521 ERROR 1277 --- [    Test worker] org.hibernate.tool.hbm2ddl.SchemaExport  : HHH000389: Unsuccessful: alter table org_users add constraint FK_k43neodgbp731jdnvimvpcc1p foreign key (customer_id) references organization
2016-04-12 14:28:12.522 ERROR 1277 --- [    Test worker] org.hibernate.tool.hbm2ddl.SchemaExport  : user lacks privilege or object not found: PUBLIC.ORGANIZATION
2016-04-12 14:28:12.522 ERROR 1277 --- [    Test worker] org.hibernate.tool.hbm2ddl.SchemaExport  : HHH000389: Unsuccessful: alter table org_users add constraint FK_nou7o3fikisg9fcck7i65xhd5 foreign key (id) references user
2016-04-12 14:28:12.522 ERROR 1277 --- [    Test worker] org.hibernate.tool.hbm2ddl.SchemaExport  : user lacks privilege or object not found: PUBLIC.USER
2016-04-12 14:28:12.522 ERROR 1277 --- [    Test worker] org.hibernate.tool.hbm2ddl.SchemaExport  : HHH000389: Unsuccessful: alter table org_users add constraint FK_lnd7n8ohdwl4ymj51q5so5uhj foreign key (users_id) references user
2016-04-12 14:28:12.523 ERROR 1277 --- [    Test worker] org.hibernate.tool.hbm2ddl.SchemaExport  : user lacks privilege or object not found: PUBLIC.USER
2016-04-12 14:28:12.523 ERROR 1277 --- [    Test worker] org.hibernate.tool.hbm2ddl.SchemaExport  : HHH000389: Unsuccessful: alter table org_users add constraint FK_av92ts10h3sq1x9mkibpysp1q foreign key (organization_id) references organization
2016-04-12 14:28:12.523 ERROR 1277 --- [    Test worker] org.hibernate.tool.hbm2ddl.SchemaExport  : user lacks privilege or object not found: PUBLIC.ORGANIZATION
2016-04-12 14:28:12.523 ERROR 1277 --- [    Test worker] org.hibernate.tool.hbm2ddl.SchemaExport  : HHH000389: Unsuccessful: alter table organization add constraint FK_l070gahmlj4g2sqbm72btw64e foreign key (address_id) references address
2016-04-12 14:28:12.523 ERROR 1277 --- [    Test worker] org.hibernate.tool.hbm2ddl.SchemaExport  : user lacks privilege or object not found: PUBLIC.ORGANIZATION
2016-04-12 14:28:12.524 ERROR 1277 --- [    Test worker] org.hibernate.tool.hbm2ddl.SchemaExport  : HHH000389: Unsuccessful: alter table organization_company add constraint FK_dq11t5t65nr47wa0vgh5iys5p foreign key (org_id) references organization
2016-04-12 14:28:12.524 ERROR 1277 --- [    Test worker] org.hibernate.tool.hbm2ddl.SchemaExport  : user lacks privilege or object not found: PUBLIC.ORGANIZATION_COMPANY
2016-04-12 14:28:12.525 ERROR 1277 --- [    Test worker] org.hibernate.tool.hbm2ddl.SchemaExport  : HHH000389: Unsuccessful: alter table organization_company_contact add constraint FK_qo9r2byd7xi6glt0kfmypqiv6 foreign key (org_company_id) references organization_company
2016-04-12 14:28:12.525 ERROR 1277 --- [    Test worker] org.hibernate.tool.hbm2ddl.SchemaExport  : user lacks privilege or object not found: PUBLIC.ORGANIZATION_COMPANY_CONTACT
2016-04-12 14:28:12.525 ERROR 1277 --- [    Test worker] org.hibernate.tool.hbm2ddl.SchemaExport  : HHH000389: Unsuccessful: alter table organization_settings add constraint FK_gj2lguc68uks9gva4l1qn1866 foreign key (org_id) references organization
2016-04-12 14:28:12.525 ERROR 1277 --- [    Test worker] org.hibernate.tool.hbm2ddl.SchemaExport  : user lacks privilege or object not found: PUBLIC.ORGANIZATION_SETTINGS
2016-04-12 14:28:12.526 ERROR 1277 --- [    Test worker] org.hibernate.tool.hbm2ddl.SchemaExport  : HHH000389: Unsuccessful: alter table organization_tag add constraint FK_69a9nk2spgxd44bwt0i4xrfxj foreign key (org_id) references organization
2016-04-12 14:28:12.526 ERROR 1277 --- [    Test worker] org.hibernate.tool.hbm2ddl.SchemaExport  : user lacks privilege or object not found: PUBLIC.ORGANIZATION_TAG
2016-04-12 14:28:12.526 ERROR 1277 --- [    Test worker] org.hibernate.tool.hbm2ddl.SchemaExport  : HHH000389: Unsuccessful: alter table role_privileges add constraint FK_r7ke127adc0bt1k30w9s9twlx foreign key (privileges_id) references privilege
2016-04-12 14:28:12.527 ERROR 1277 --- [    Test worker] org.hibernate.tool.hbm2ddl.SchemaExport  : user lacks privilege or object not found: PUBLIC.PRIVILEGE
2016-04-12 14:28:12.527 ERROR 1277 --- [    Test worker] org.hibernate.tool.hbm2ddl.SchemaExport  : HHH000389: Unsuccessful: alter table role_privileges add constraint FK_ijuv6m2x8lrd9k5huxidjn302 foreign key (role_id) references role
2016-04-12 14:28:12.527 ERROR 1277 --- [    Test worker] org.hibernate.tool.hbm2ddl.SchemaExport  : user lacks privilege or object not found: PUBLIC.ROLE
2016-04-12 14:28:12.527 ERROR 1277 --- [    Test worker] org.hibernate.tool.hbm2ddl.SchemaExport  : HHH000389: Unsuccessful: alter table user_privileges add constraint FK_cxfmaov6oxx6my139ddcnx0iv foreign key (privileges_id) references privilege
2016-04-12 14:28:12.528 ERROR 1277 --- [    Test worker] org.hibernate.tool.hbm2ddl.SchemaExport  : user lacks privilege or object not found: PUBLIC.PRIVILEGE
2016-04-12 14:28:12.528 ERROR 1277 --- [    Test worker] org.hibernate.tool.hbm2ddl.SchemaExport  : HHH000389: Unsuccessful: alter table user_privileges add constraint FK_1vpfwxb4wmybfho44v2x8ai1k foreign key (user_id) references user
2016-04-12 14:28:12.528 ERROR 1277 --- [    Test worker] org.hibernate.tool.hbm2ddl.SchemaExport  : user lacks privilege or object not found: PUBLIC.USER
2016-04-12 14:28:12.529 ERROR 1277 --- [    Test worker] org.hibernate.tool.hbm2ddl.SchemaExport  : HHH000389: Unsuccessful: alter table user_roles add constraint FK_amwlmdeik2qdnksxgd566knop foreign key (roles_id) references role
2016-04-12 14:28:12.529 ERROR 1277 --- [    Test worker] org.hibernate.tool.hbm2ddl.SchemaExport  : user lacks privilege or object not found: PUBLIC.ROLE
2016-04-12 14:28:12.530 ERROR 1277 --- [    Test worker] org.hibernate.tool.hbm2ddl.SchemaExport  : HHH000389: Unsuccessful: alter table user_roles add constraint FK_g1uebn6mqk9qiaw45vnacmyo2 foreign key (user_id) references user
2016-04-12 14:28:12.530 ERROR 1277 --- [    Test worker] org.hibernate.tool.hbm2ddl.SchemaExport  : user lacks privilege or object not found: PUBLIC.USER
2016-04-12 14:28:12.530  INFO 1277 --- [    Test worker] org.hibernate.tool.hbm2ddl.SchemaExport  : HHH000230: Schema export complete
2016-04-12 14:28:14.425  INFO 1277 --- [    Test worker] s.w.s.m.m.a.RequestMappingHandlerAdapter : Looking for @ControllerAdvice: org.springframework.web.context.support.GenericWebApplicationContext@3d4447db: startup date [Tue Apr 12 14:28:03 IST 2016]; root of context hierarchy
2016-04-12 14:28:14.966  INFO 1277 --- [    Test worker] s.w.s.m.m.a.RequestMappingHandlerMapping : Mapped "{[/error]}" onto public org.springframework.http.ResponseEntity<java.util.Map<java.lang.String, java.lang.Object>> org.springframework.boot.autoconfigure.web.BasicErrorController.error(javax.servlet.http.HttpServletRequest)
2016-04-12 14:28:14.968  INFO 1277 --- [    Test worker] s.w.s.m.m.a.RequestMappingHandlerMapping : Mapped "{[/error],produces=[text/html]}" onto public org.springframework.web.servlet.ModelAndView org.springframework.boot.autoconfigure.web.BasicErrorController.errorHtml(javax.servlet.http.HttpServletRequest,javax.servlet.http.HttpServletResponse)
2016-04-12 14:28:15.036  INFO 1277 --- [    Test worker] o.s.w.s.handler.SimpleUrlHandlerMapping  : Mapped URL path [/webjars/**] onto handler of type [class org.springframework.web.servlet.resource.ResourceHttpRequestHandler]
2016-04-12 14:28:15.037  INFO 1277 --- [    Test worker] o.s.w.s.handler.SimpleUrlHandlerMapping  : Mapped URL path [/**] onto handler of type [class org.springframework.web.servlet.resource.ResourceHttpRequestHandler]
2016-04-12 14:28:15.187  INFO 1277 --- [    Test worker] o.s.w.s.handler.SimpleUrlHandlerMapping  : Mapped URL path [/**/favicon.ico] onto handler of type [class org.springframework.web.servlet.resource.ResourceHttpRequestHandler]
2016-04-12 14:28:17.897  INFO 1277 --- [    Test worker] b.a.s.AuthenticationManagerConfiguration : 

Using default security password: c4cf7777-d217-47a9-b7a3-91e0c482c879

2016-04-12 14:28:18.333  INFO 1277 --- [    Test worker] o.s.s.web.DefaultSecurityFilterChain     : Creating filter chain: Ant [pattern='/css/**'], []
2016-04-12 14:28:18.333  INFO 1277 --- [    Test worker] o.s.s.web.DefaultSecurityFilterChain     : Creating filter chain: Ant [pattern='/js/**'], []
2016-04-12 14:28:18.333  INFO 1277 --- [    Test worker] o.s.s.web.DefaultSecurityFilterChain     : Creating filter chain: Ant [pattern='/images/**'], []
2016-04-12 14:28:18.333  INFO 1277 --- [    Test worker] o.s.s.web.DefaultSecurityFilterChain     : Creating filter chain: Ant [pattern='/**/favicon.ico'], []
2016-04-12 14:28:18.333  INFO 1277 --- [    Test worker] o.s.s.web.DefaultSecurityFilterChain     : Creating filter chain: Ant [pattern='/error'], []
2016-04-12 14:28:18.416  INFO 1277 --- [    Test worker] o.s.s.web.DefaultSecurityFilterChain     : Creating filter chain: OrRequestMatcher [requestMatchers=[Ant [pattern='/**']]], [org.springframework.security.web.context.request.async.WebAsyncManagerIntegrationFilter@7c8603c1, org.springframework.security.web.context.SecurityContextPersistenceFilter@79f54178, org.springframework.security.web.header.HeaderWriterFilter@47b52206, org.springframework.security.web.authentication.logout.LogoutFilter@6a67ad90, org.springframework.security.web.authentication.www.BasicAuthenticationFilter@4dca208a, org.springframework.security.web.savedrequest.RequestCacheAwareFilter@56717c29, org.springframework.security.web.servletapi.SecurityContextHolderAwareRequestFilter@46db6a82, org.springframework.security.web.authentication.AnonymousAuthenticationFilter@1b1fdf0a, org.springframework.security.web.session.SessionManagementFilter@6c316941, org.springframework.security.web.access.ExceptionTranslationFilter@5236e728, org.springframework.security.web.access.intercept.FilterSecurityInterceptor@1cfad22f]
2016-04-12 14:28:18.593  INFO 1277 --- [    Test worker] com.eagree.ApplicationTests              : Started ApplicationTests in 16.832 seconds (JVM running for 22.793)
]]></system-out>
  <system-err><![CDATA[]]></system-err>
</testsuite>
